<?xml version="1.0" encoding="UTF-8"?>
<beans xmlns="http://www.springframework.org/schema/beans"
	xmlns:jdbc="http://www.springframework.org/schema/jdbc" xmlns:xsi="http://www.w3.org/2001/XMLSchema-instance"
	xmlns:tx="http://www.springframework.org/schema/tx" xmlns:aop="http://www.springframework.org/schema/aop"
	xmlns:context="http://www.springframework.org/schema/context"
	xsi:schemaLocation="
http://www.springframework.org/schema/beans 
http://www.springframework.org/schema/beans/spring-beans-3.1.xsd 
http://www.springframework.org/schema/tx 
http://www.springframework.org/schema/tx/spring-tx-3.1.xsd
http://www.springframework.org/schema/context 
http://www.springframework.org/schema/context/spring-context-3.1.xsd
http://www.springframework.org/schema/aop 
http://www.springframework.org/schema/aop/spring-aop-3.1.xsd
http://www.springframework.org/schema/jdbc 
http://www.springframework.org/schema/jdbc/spring-jdbc-3.1.xsd">

	<tx:annotation-driven transaction-manager="transactionManager" />
	
	<bean id="dataSource"
		class="org.springframework.jdbc.datasource.DriverManagerDataSource">
		<property name="driverClassName" value="${jdbc.driver}" />
		<property name="url" value="${jdbc.dbUrl}" />
		<property name="username" value="${jdbc.username}" />
		<property name="password" value="${jdbc.password}" />
	</bean>
	
	<bean id="transactionManager"
		class="org.springframework.jdbc.datasource.DataSourceTransactionManager">
		<property name="dataSource" ref="dataSource" />
	</bean>

	<bean id="sqlSessionFactory" class="org.mybatis.spring.SqlSessionFactoryBean">
		<property name="dataSource" ref="dataSource" />
		<property name="typeAliasesPackage" value="${typeAliasesPackage}" />
		<property name="mapperLocations" value="${mapperLocations}" />
	</bean>

	<bean id="sqlSession" class="org.mybatis.spring.SqlSessionTemplate">
		<constructor-arg index="0" ref="sqlSessionFactory" />
	</bean>

	<bean class="org.mybatis.spring.mapper.MapperScannerConfigurer">
		<property name="basePackage" value="com.tutorial.dao" />
		<property name="sqlSessionFactoryBeanName" value="sqlSessionFactory" />
	</bean>

	<bean id="dbUnitDatabaseConfig" class="com.github.springtestdbunit.bean.DatabaseConfigBean">
		<property name="qualifiedTableNames" value="true" />
	</bean>

	<bean id="dbUnitDatabaseConnection"
		class="com.github.springtestdbunit.bean.DatabaseDataSourceConnectionFactoryBean">
		<property name="databaseConfig" ref="dbUnitDatabaseConfig" />
		<property name="dataSource" ref="dataSource" />
	</bean>

	<beans profile="hsqldb">
		<!-- <context:property-placeholder location="classpath:hsqldb.properties"/> -->
		<jdbc:embedded-database id="test">
			<jdbc:script location="classpath:schema.sql" />
		</jdbc:embedded-database>
	</beans>
</beans>